TN:
SF:src\modules\addTodo.js
FN:1,(anonymous_0)
FNF:1
FNH:1
FNDA:5,(anonymous_0)
DA:1,1
DA:2,5
DA:7,5
LF:3
LH:3
BRF:0
BRH:0
end_of_record
TN:
SF:src\modules\displayTodo.js
FN:2,(anonymous_0)
FNF:1
FNH:1
FNDA:1,(anonymous_0)
DA:2,1
DA:4,1
DA:5,1
DA:6,1
DA:7,1
DA:8,1
DA:10,1
DA:13,1
DA:14,1
DA:15,1
DA:18,1
DA:19,1
DA:20,1
DA:21,1
DA:24,1
DA:25,1
DA:26,1
DA:27,1
DA:30,1
DA:31,1
DA:32,1
DA:34,1
LF:22
LH:22
BRF:0
BRH:0
end_of_record
TN:
SF:src\modules\editDescription.js
FN:1,(anonymous_0)
FN:5,(anonymous_1)
FNF:2
FNH:2
FNDA:2,(anonymous_0)
FNDA:6,(anonymous_1)
DA:1,1
DA:2,2
DA:3,2
DA:5,2
DA:6,6
DA:7,2
DA:10,2
LF:7
LH:7
BRDA:6,0,0,2
BRDA:6,0,1,4
BRF:2
BRH:2
end_of_record
TN:
SF:src\modules\editstatus.js
FN:1,(anonymous_0)
FN:5,(anonymous_1)
FNF:2
FNH:2
FNDA:3,(anonymous_0)
FNDA:9,(anonymous_1)
DA:1,1
DA:2,3
DA:3,3
DA:4,3
DA:5,3
DA:6,9
DA:7,3
DA:10,3
LF:8
LH:8
BRDA:6,0,0,3
BRDA:6,0,1,6
BRF:2
BRH:2
end_of_record
TN:
SF:src\modules\removeAllSelected.js
FN:1,(anonymous_0)
FN:6,(anonymous_1)
FNF:2
FNH:2
FNDA:1,(anonymous_0)
FNDA:7,(anonymous_1)
DA:1,1
DA:2,1
DA:3,1
DA:6,1
DA:7,7
DA:8,4
DA:10,3
DA:12,1
LF:8
LH:8
BRDA:7,0,0,4
BRDA:7,0,1,3
BRF:2
BRH:2
end_of_record
TN:
SF:src\modules\removeTask.js
FN:1,(anonymous_0)
FN:4,(anonymous_1)
FNF:2
FNH:2
FNDA:6,(anonymous_0)
FNDA:20,(anonymous_1)
DA:1,1
DA:2,6
DA:3,6
DA:4,6
DA:5,20
DA:6,15
DA:8,5
DA:10,6
LF:8
LH:8
BRDA:5,0,0,15
BRDA:5,0,1,5
BRF:2
BRH:2
end_of_record
